<?xml version="1.0" encoding="UTF-8" ?>
<testsuite failures="0" time="0.043" errors="0" skipped="0" tests="46" name="com.elasticpath.domain.customer.impl.CustomerImplTest">
  <properties>
    <property name="sun.lang.ClassLoader.allowArraySyntax" value="true"/>
    <property name="java.runtime.name" value="Java(TM) SE Runtime Environment"/>
    <property name="sun.boot.library.path" value="/Library/Java/JavaVirtualMachines/jdk1.7.0_25.jdk/Contents/Home/jre/lib"/>
    <property name="java.vm.version" value="23.25-b01"/>
    <property name="gopherProxySet" value="false"/>
    <property name="java.vm.vendor" value="Oracle Corporation"/>
    <property name="java.vendor.url" value="http://java.oracle.com/"/>
    <property name="path.separator" value=":"/>
    <property name="guice.disable.misplaced.annotation.check" value="true"/>
    <property name="java.vm.name" value="Java HotSpot(TM) 64-Bit Server VM"/>
    <property name="file.encoding.pkg" value="sun.io"/>
    <property name="user.country" value="US"/>
    <property name="sun.java.launcher" value="SUN_STANDARD"/>
    <property name="sun.os.patch.level" value="unknown"/>
    <property name="java.vm.specification.name" value="Java Virtual Machine Specification"/>
    <property name="user.dir" value="/Users/ugomech/Documents/Commerce-Engine/platform"/>
    <property name="java.runtime.version" value="1.7.0_25-b15"/>
    <property name="java.awt.graphicsenv" value="sun.awt.CGraphicsEnvironment"/>
    <property name="java.endorsed.dirs" value="/Library/Java/JavaVirtualMachines/jdk1.7.0_25.jdk/Contents/Home/jre/lib/endorsed"/>
    <property name="os.arch" value="x86_64"/>
    <property name="java.io.tmpdir" value="/var/folders/zm/k8wntmfj49d_1l4657_c6s25yk93kq/T/"/>
    <property name="line.separator" value="
"/>
    <property name="java.vm.specification.vendor" value="Oracle Corporation"/>
    <property name="os.name" value="Mac OS X"/>
    <property name="classworlds.conf" value="/usr/share/maven/bin/m2.conf"/>
    <property name="sun.jnu.encoding" value="UTF-8"/>
    <property name="java.library.path" value="/Users/ugomech/Library/Java/Extensions:/Library/Java/Extensions:/Network/Library/Java/Extensions:/System/Library/Java/Extensions:/usr/lib/java:."/>
    <property name="java.specification.name" value="Java Platform API Specification"/>
    <property name="java.class.version" value="51.0"/>
    <property name="sun.management.compiler" value="HotSpot 64-Bit Tiered Compilers"/>
    <property name="os.version" value="10.8.4"/>
    <property name="http.nonProxyHosts" value="local|*.local|169.254/16|*.169.254/16"/>
    <property name="user.home" value="/Users/ugomech"/>
    <property name="user.timezone" value="America/New_York"/>
    <property name="java.awt.printerjob" value="sun.lwawt.macosx.CPrinterJob"/>
    <property name="java.specification.version" value="1.7"/>
    <property name="file.encoding" value="UTF-8"/>
    <property name="user.name" value="ugomech"/>
    <property name="java.class.path" value="/usr/share/maven/boot/plexus-classworlds-2.4.jar"/>
    <property name="java.vm.specification.version" value="1.7"/>
    <property name="sun.arch.data.model" value="64"/>
    <property name="java.home" value="/Library/Java/JavaVirtualMachines/jdk1.7.0_25.jdk/Contents/Home/jre"/>
    <property name="sun.java.command" value="org.codehaus.plexus.classworlds.launcher.Launcher install"/>
    <property name="java.specification.vendor" value="Oracle Corporation"/>
    <property name="user.language" value="en"/>
    <property name="awt.toolkit" value="sun.lwawt.macosx.LWCToolkit"/>
    <property name="java.vm.info" value="mixed mode"/>
    <property name="java.version" value="1.7.0_25"/>
    <property name="java.ext.dirs" value="/Users/ugomech/Library/Java/Extensions:/Library/Java/JavaVirtualMachines/jdk1.7.0_25.jdk/Contents/Home/jre/lib/ext:/Library/Java/Extensions:/Network/Library/Java/Extensions:/System/Library/Java/Extensions:/usr/lib/java"/>
    <property name="sun.boot.class.path" value="/Library/Java/JavaVirtualMachines/jdk1.7.0_25.jdk/Contents/Home/jre/lib/resources.jar:/Library/Java/JavaVirtualMachines/jdk1.7.0_25.jdk/Contents/Home/jre/lib/rt.jar:/Library/Java/JavaVirtualMachines/jdk1.7.0_25.jdk/Contents/Home/jre/lib/sunrsasign.jar:/Library/Java/JavaVirtualMachines/jdk1.7.0_25.jdk/Contents/Home/jre/lib/jsse.jar:/Library/Java/JavaVirtualMachines/jdk1.7.0_25.jdk/Contents/Home/jre/lib/jce.jar:/Library/Java/JavaVirtualMachines/jdk1.7.0_25.jdk/Contents/Home/jre/lib/charsets.jar:/Library/Java/JavaVirtualMachines/jdk1.7.0_25.jdk/Contents/Home/jre/lib/jfr.jar:/Library/Java/JavaVirtualMachines/jdk1.7.0_25.jdk/Contents/Home/jre/lib/JObjC.jar:/Library/Java/JavaVirtualMachines/jdk1.7.0_25.jdk/Contents/Home/jre/classes"/>
    <property name="java.vendor" value="Oracle Corporation"/>
    <property name="maven.home" value="/usr/share/maven"/>
    <property name="file.separator" value="/"/>
    <property name="java.vendor.url.bug" value="http://bugreport.sun.com/bugreport/"/>
    <property name="sun.cpu.endian" value="little"/>
    <property name="sun.io.unicode.encoding" value="UnicodeBig"/>
    <property name="socksNonProxyHosts" value="local|*.local|169.254/16|*.169.254/16"/>
    <property name="ftp.nonProxyHosts" value="local|*.local|169.254/16|*.169.254/16"/>
    <property name="sun.cpu.isalist" value=""/>
  </properties>
  <testcase time="0.001" classname="com.elasticpath.domain.customer.impl.CustomerImplTest" name="ensureGetDefaultCreditCardReturnsNullWhenListSetWithNoDefaults"/>
  <testcase time="0.001" classname="com.elasticpath.domain.customer.impl.CustomerImplTest" name="testSetLastEditDate"/>
  <testcase time="0.001" classname="com.elasticpath.domain.customer.impl.CustomerImplTest" name="testAddAddressNull"/>
  <testcase time="0" classname="com.elasticpath.domain.customer.impl.CustomerImplTest" name="testGetPassword"/>
  <testcase time="0" classname="com.elasticpath.domain.customer.impl.CustomerImplTest" name="testGetEmail"/>
  <testcase time="0.001" classname="com.elasticpath.domain.customer.impl.CustomerImplTest" name="testRemoveAddressNull"/>
  <testcase time="0.001" classname="com.elasticpath.domain.customer.impl.CustomerImplTest" name="testSetFirstName"/>
  <testcase time="0.001" classname="com.elasticpath.domain.customer.impl.CustomerImplTest" name="testIsAnonymous"/>
  <testcase time="0.002" classname="com.elasticpath.domain.customer.impl.CustomerImplTest" name="testSetClearTextPassword"/>
  <testcase time="0.001" classname="com.elasticpath.domain.customer.impl.CustomerImplTest" name="testSetHtmlEmailPreferred"/>
  <testcase time="0" classname="com.elasticpath.domain.customer.impl.CustomerImplTest" name="testGetCreationDate"/>
  <testcase time="0.001" classname="com.elasticpath.domain.customer.impl.CustomerImplTest" name="testBelongsToCustomerGroup"/>
  <testcase time="0" classname="com.elasticpath.domain.customer.impl.CustomerImplTest" name="testSetCompany"/>
  <testcase time="0.001" classname="com.elasticpath.domain.customer.impl.CustomerImplTest" name="testSetAddresses"/>
  <testcase time="0.001" classname="com.elasticpath.domain.customer.impl.CustomerImplTest" name="testSetPhoneNumber"/>
  <testcase time="0.001" classname="com.elasticpath.domain.customer.impl.CustomerImplTest" name="testGetSetAddresses"/>
  <testcase time="0.001" classname="com.elasticpath.domain.customer.impl.CustomerImplTest" name="testSetCreditCardsWithEmptyListRemovesAllCards"/>
  <testcase time="0" classname="com.elasticpath.domain.customer.impl.CustomerImplTest" name="testGetCreditCardByGuid"/>
  <testcase time="0.001" classname="com.elasticpath.domain.customer.impl.CustomerImplTest" name="ensureGetDefaultCreditCardReturnsCardWithDefaultSet"/>
  <testcase time="0" classname="com.elasticpath.domain.customer.impl.CustomerImplTest" name="testSetCreationDate"/>
  <testcase time="0" classname="com.elasticpath.domain.customer.impl.CustomerImplTest" name="testGetCreditCardByInvalidGuid"/>
  <testcase time="0.001" classname="com.elasticpath.domain.customer.impl.CustomerImplTest" name="verifyRoleMapperReturnsCorrectRolesOnCustomer"/>
  <testcase time="0.001" classname="com.elasticpath.domain.customer.impl.CustomerImplTest" name="testSetGetPreferredCurrency"/>
  <testcase time="0" classname="com.elasticpath.domain.customer.impl.CustomerImplTest" name="ensureGetDefaultCreditCardReturnsCorrectCard"/>
  <testcase time="0.001" classname="com.elasticpath.domain.customer.impl.CustomerImplTest" name="testSetPreferredBillingIsInAddresses"/>
  <testcase time="0.001" classname="com.elasticpath.domain.customer.impl.CustomerImplTest" name="testSetLastName"/>
  <testcase time="0" classname="com.elasticpath.domain.customer.impl.CustomerImplTest" name="testGetLastName"/>
  <testcase time="0.001" classname="com.elasticpath.domain.customer.impl.CustomerImplTest" name="testAddAddress"/>
  <testcase time="0.001" classname="com.elasticpath.domain.customer.impl.CustomerImplTest" name="testSetStatusInvalid"/>
  <testcase time="0.001" classname="com.elasticpath.domain.customer.impl.CustomerImplTest" name="testSetAnonymous"/>
  <testcase time="0.001" classname="com.elasticpath.domain.customer.impl.CustomerImplTest" name="testSetPreferredShippingIsInAddresses"/>
  <testcase time="0.001" classname="com.elasticpath.domain.customer.impl.CustomerImplTest" name="testSetGender"/>
  <testcase time="0.001" classname="com.elasticpath.domain.customer.impl.CustomerImplTest" name="testGetEncryptedPassword"/>
  <testcase time="0.001" classname="com.elasticpath.domain.customer.impl.CustomerImplTest" name="ensureGetDefaultCreditCardReturnsFirstCardInListWhenNoneAreDefault"/>
  <testcase time="0.001" classname="com.elasticpath.domain.customer.impl.CustomerImplTest" name="testGetAddressById"/>
  <testcase time="0.001" classname="com.elasticpath.domain.customer.impl.CustomerImplTest" name="testGetFirstName"/>
  <testcase time="0.001" classname="com.elasticpath.domain.customer.impl.CustomerImplTest" name="testSetStatus"/>
  <testcase time="0.001" classname="com.elasticpath.domain.customer.impl.CustomerImplTest" name="testSetUserId"/>
  <testcase time="0.001" classname="com.elasticpath.domain.customer.impl.CustomerImplTest" name="testGetLastEditDate"/>
  <testcase time="0" classname="com.elasticpath.domain.customer.impl.CustomerImplTest" name="testGetUserId"/>
  <testcase time="0.001" classname="com.elasticpath.domain.customer.impl.CustomerImplTest" name="testSetFaxNumber"/>
  <testcase time="0.001" classname="com.elasticpath.domain.customer.impl.CustomerImplTest" name="testGetAddresses"/>
  <testcase time="0" classname="com.elasticpath.domain.customer.impl.CustomerImplTest" name="testRemoveAddress"/>
  <testcase time="0.001" classname="com.elasticpath.domain.customer.impl.CustomerImplTest" name="testSetToBeNotified"/>
  <testcase time="0.001" classname="com.elasticpath.domain.customer.impl.CustomerImplTest" name="testSetGetPreferrredLocale"/>
  <testcase time="0.001" classname="com.elasticpath.domain.customer.impl.CustomerImplTest" name="testSetEmail"/>
</testsuite>