<?xml version="1.0" encoding="UTF-8" ?>
<testsuite failures="0" time="0.018" errors="0" skipped="0" tests="34" name="com.elasticpath.domain.catalog.impl.ProductBundleImplTest">
  <properties>
    <property name="sun.lang.ClassLoader.allowArraySyntax" value="true"/>
    <property name="java.runtime.name" value="Java(TM) SE Runtime Environment"/>
    <property name="sun.boot.library.path" value="/Library/Java/JavaVirtualMachines/jdk1.7.0_25.jdk/Contents/Home/jre/lib"/>
    <property name="java.vm.version" value="23.25-b01"/>
    <property name="gopherProxySet" value="false"/>
    <property name="java.vm.vendor" value="Oracle Corporation"/>
    <property name="java.vendor.url" value="http://java.oracle.com/"/>
    <property name="path.separator" value=":"/>
    <property name="guice.disable.misplaced.annotation.check" value="true"/>
    <property name="java.vm.name" value="Java HotSpot(TM) 64-Bit Server VM"/>
    <property name="file.encoding.pkg" value="sun.io"/>
    <property name="user.country" value="US"/>
    <property name="sun.java.launcher" value="SUN_STANDARD"/>
    <property name="sun.os.patch.level" value="unknown"/>
    <property name="java.vm.specification.name" value="Java Virtual Machine Specification"/>
    <property name="user.dir" value="/Users/ugomech/Documents/Commerce-Engine/platform"/>
    <property name="java.runtime.version" value="1.7.0_25-b15"/>
    <property name="java.awt.graphicsenv" value="sun.awt.CGraphicsEnvironment"/>
    <property name="java.endorsed.dirs" value="/Library/Java/JavaVirtualMachines/jdk1.7.0_25.jdk/Contents/Home/jre/lib/endorsed"/>
    <property name="os.arch" value="x86_64"/>
    <property name="java.io.tmpdir" value="/var/folders/zm/k8wntmfj49d_1l4657_c6s25yk93kq/T/"/>
    <property name="line.separator" value="
"/>
    <property name="java.vm.specification.vendor" value="Oracle Corporation"/>
    <property name="os.name" value="Mac OS X"/>
    <property name="classworlds.conf" value="/usr/share/maven/bin/m2.conf"/>
    <property name="sun.jnu.encoding" value="UTF-8"/>
    <property name="java.library.path" value="/Users/ugomech/Library/Java/Extensions:/Library/Java/Extensions:/Network/Library/Java/Extensions:/System/Library/Java/Extensions:/usr/lib/java:."/>
    <property name="java.specification.name" value="Java Platform API Specification"/>
    <property name="java.class.version" value="51.0"/>
    <property name="sun.management.compiler" value="HotSpot 64-Bit Tiered Compilers"/>
    <property name="os.version" value="10.8.4"/>
    <property name="http.nonProxyHosts" value="local|*.local|169.254/16|*.169.254/16"/>
    <property name="user.home" value="/Users/ugomech"/>
    <property name="user.timezone" value="America/New_York"/>
    <property name="java.awt.printerjob" value="sun.lwawt.macosx.CPrinterJob"/>
    <property name="java.specification.version" value="1.7"/>
    <property name="file.encoding" value="UTF-8"/>
    <property name="user.name" value="ugomech"/>
    <property name="java.class.path" value="/usr/share/maven/boot/plexus-classworlds-2.4.jar"/>
    <property name="java.vm.specification.version" value="1.7"/>
    <property name="sun.arch.data.model" value="64"/>
    <property name="java.home" value="/Library/Java/JavaVirtualMachines/jdk1.7.0_25.jdk/Contents/Home/jre"/>
    <property name="sun.java.command" value="org.codehaus.plexus.classworlds.launcher.Launcher install"/>
    <property name="java.specification.vendor" value="Oracle Corporation"/>
    <property name="user.language" value="en"/>
    <property name="awt.toolkit" value="sun.lwawt.macosx.LWCToolkit"/>
    <property name="java.vm.info" value="mixed mode"/>
    <property name="java.version" value="1.7.0_25"/>
    <property name="java.ext.dirs" value="/Users/ugomech/Library/Java/Extensions:/Library/Java/JavaVirtualMachines/jdk1.7.0_25.jdk/Contents/Home/jre/lib/ext:/Library/Java/Extensions:/Network/Library/Java/Extensions:/System/Library/Java/Extensions:/usr/lib/java"/>
    <property name="sun.boot.class.path" value="/Library/Java/JavaVirtualMachines/jdk1.7.0_25.jdk/Contents/Home/jre/lib/resources.jar:/Library/Java/JavaVirtualMachines/jdk1.7.0_25.jdk/Contents/Home/jre/lib/rt.jar:/Library/Java/JavaVirtualMachines/jdk1.7.0_25.jdk/Contents/Home/jre/lib/sunrsasign.jar:/Library/Java/JavaVirtualMachines/jdk1.7.0_25.jdk/Contents/Home/jre/lib/jsse.jar:/Library/Java/JavaVirtualMachines/jdk1.7.0_25.jdk/Contents/Home/jre/lib/jce.jar:/Library/Java/JavaVirtualMachines/jdk1.7.0_25.jdk/Contents/Home/jre/lib/charsets.jar:/Library/Java/JavaVirtualMachines/jdk1.7.0_25.jdk/Contents/Home/jre/lib/jfr.jar:/Library/Java/JavaVirtualMachines/jdk1.7.0_25.jdk/Contents/Home/jre/lib/JObjC.jar:/Library/Java/JavaVirtualMachines/jdk1.7.0_25.jdk/Contents/Home/jre/classes"/>
    <property name="java.vendor" value="Oracle Corporation"/>
    <property name="maven.home" value="/usr/share/maven"/>
    <property name="file.separator" value="/"/>
    <property name="java.vendor.url.bug" value="http://bugreport.sun.com/bugreport/"/>
    <property name="sun.cpu.endian" value="little"/>
    <property name="sun.io.unicode.encoding" value="UnicodeBig"/>
    <property name="socksNonProxyHosts" value="local|*.local|169.254/16|*.169.254/16"/>
    <property name="ftp.nonProxyHosts" value="local|*.local|169.254/16|*.169.254/16"/>
    <property name="sun.cpu.isalist" value=""/>
  </properties>
  <testcase time="0" classname="com.elasticpath.domain.catalog.impl.ProductBundleImplTest" name="testGetStartDateWithSku"/>
  <testcase time="0" classname="com.elasticpath.domain.catalog.impl.ProductBundleImplTest" name="testSetHiddenWithNestedStructure"/>
  <testcase time="0" classname="com.elasticpath.domain.catalog.impl.ProductBundleImplTest" name="testBundleNotHiddenAndOneContsituentHiddenWithNestedStructure2"/>
  <testcase time="0.001" classname="com.elasticpath.domain.catalog.impl.ProductBundleImplTest" name="testBundleNotHiddenAndOneContsituentHiddenWithNestedStructure"/>
  <testcase time="0" classname="com.elasticpath.domain.catalog.impl.ProductBundleImplTest" name="testMoveFirstConstituentUp"/>
  <testcase time="0" classname="com.elasticpath.domain.catalog.impl.ProductBundleImplTest" name="testBundleNotHiddenAndContsituentsNotHidden"/>
  <testcase time="0.001" classname="com.elasticpath.domain.catalog.impl.ProductBundleImplTest" name="testAvailabilityPreOrderOverridesBackOrder"/>
  <testcase time="0" classname="com.elasticpath.domain.catalog.impl.ProductBundleImplTest" name="testExpectedReleaseDateOnConstituentWithNestedBundleStructure"/>
  <testcase time="0.001" classname="com.elasticpath.domain.catalog.impl.ProductBundleImplTest" name="testRemoveFirstConstituent"/>
  <testcase time="0" classname="com.elasticpath.domain.catalog.impl.ProductBundleImplTest" name="testRemoveSecondConstituentAndMoveUpFirstConstituent"/>
  <testcase time="0" classname="com.elasticpath.domain.catalog.impl.ProductBundleImplTest" name="testRemoveLastConstituent"/>
  <testcase time="0" classname="com.elasticpath.domain.catalog.impl.ProductBundleImplTest" name="testExpectedReleaseDateWontBeOnBundleItself"/>
  <testcase time="0" classname="com.elasticpath.domain.catalog.impl.ProductBundleImplTest" name="testSwapFirstConstituentAndSecondConstituent"/>
  <testcase time="0.001" classname="com.elasticpath.domain.catalog.impl.ProductBundleImplTest" name="testAvailabilityBackOrderOverridesWhenInStcok"/>
  <testcase time="0" classname="com.elasticpath.domain.catalog.impl.ProductBundleImplTest" name="testMoveSecondConstituentDown"/>
  <testcase time="0.002" classname="com.elasticpath.domain.catalog.impl.ProductBundleImplTest" name="testGetEndDateWithSku"/>
  <testcase time="0" classname="com.elasticpath.domain.catalog.impl.ProductBundleImplTest" name="testOneChildBackOrder"/>
  <testcase time="0.001" classname="com.elasticpath.domain.catalog.impl.ProductBundleImplTest" name="testBundleHiddenAndContsituentNotHidden"/>
  <testcase time="0" classname="com.elasticpath.domain.catalog.impl.ProductBundleImplTest" name="testCalculateExpectedReleaseDateAllNull"/>
  <testcase time="0.001" classname="com.elasticpath.domain.catalog.impl.ProductBundleImplTest" name="testMoveConstituentUpWithNullConstituent"/>
  <testcase time="0" classname="com.elasticpath.domain.catalog.impl.ProductBundleImplTest" name="testMoveConstituentDownWithNonExistingConstituent"/>
  <testcase time="0" classname="com.elasticpath.domain.catalog.impl.ProductBundleImplTest" name="testOneChildAlwaysAvailable"/>
  <testcase time="0.001" classname="com.elasticpath.domain.catalog.impl.ProductBundleImplTest" name="testBundleHiddenAndContsituentsNotHidden"/>
  <testcase time="0" classname="com.elasticpath.domain.catalog.impl.ProductBundleImplTest" name="testMoveSecondConstituentUp"/>
  <testcase time="0" classname="com.elasticpath.domain.catalog.impl.ProductBundleImplTest" name="testMoveConstituentUpWithNonExistingConstituent"/>
  <testcase time="0" classname="com.elasticpath.domain.catalog.impl.ProductBundleImplTest" name="testOrderingIsCorrect"/>
  <testcase time="0" classname="com.elasticpath.domain.catalog.impl.ProductBundleImplTest" name="testSwapPreservesOrdering"/>
  <testcase time="0" classname="com.elasticpath.domain.catalog.impl.ProductBundleImplTest" name="testAvailabilityWhenInStockOverridesAlwaysAvailableWithNestedBundle"/>
  <testcase time="0" classname="com.elasticpath.domain.catalog.impl.ProductBundleImplTest" name="testMoveConstituentDownWithNullConstituent"/>
  <testcase time="0" classname="com.elasticpath.domain.catalog.impl.ProductBundleImplTest" name="testBundleNotHiddenAndOneContsituentHidden"/>
  <testcase time="0" classname="com.elasticpath.domain.catalog.impl.ProductBundleImplTest" name="testAvailabilityWhenInStockOverridesAlwaysAvailable"/>
  <testcase time="0" classname="com.elasticpath.domain.catalog.impl.ProductBundleImplTest" name="testMoveLastConstituentDown"/>
  <testcase time="0" classname="com.elasticpath.domain.catalog.impl.ProductBundleImplTest" name="testCalculateExpectedReleaseDateOnConstituent"/>
  <testcase time="0" classname="com.elasticpath.domain.catalog.impl.ProductBundleImplTest" name="testBundleAndContsituentHidden"/>
</testsuite>