<?xml version="1.0" encoding="UTF-8" ?>
<testsuite failures="0" time="0.089" errors="0" skipped="0" tests="59" name="com.elasticpath.service.catalog.impl.CategoryServiceImplTest">
  <properties>
    <property name="sun.lang.ClassLoader.allowArraySyntax" value="true"/>
    <property name="java.runtime.name" value="Java(TM) SE Runtime Environment"/>
    <property name="sun.boot.library.path" value="/Library/Java/JavaVirtualMachines/jdk1.7.0_25.jdk/Contents/Home/jre/lib"/>
    <property name="java.vm.version" value="23.25-b01"/>
    <property name="gopherProxySet" value="false"/>
    <property name="java.vm.vendor" value="Oracle Corporation"/>
    <property name="java.vendor.url" value="http://java.oracle.com/"/>
    <property name="path.separator" value=":"/>
    <property name="guice.disable.misplaced.annotation.check" value="true"/>
    <property name="java.vm.name" value="Java HotSpot(TM) 64-Bit Server VM"/>
    <property name="file.encoding.pkg" value="sun.io"/>
    <property name="user.country" value="US"/>
    <property name="sun.java.launcher" value="SUN_STANDARD"/>
    <property name="sun.os.patch.level" value="unknown"/>
    <property name="java.vm.specification.name" value="Java Virtual Machine Specification"/>
    <property name="user.dir" value="/Users/ugomech/Documents/Commerce-Engine/platform"/>
    <property name="java.runtime.version" value="1.7.0_25-b15"/>
    <property name="java.awt.graphicsenv" value="sun.awt.CGraphicsEnvironment"/>
    <property name="java.endorsed.dirs" value="/Library/Java/JavaVirtualMachines/jdk1.7.0_25.jdk/Contents/Home/jre/lib/endorsed"/>
    <property name="os.arch" value="x86_64"/>
    <property name="java.io.tmpdir" value="/var/folders/zm/k8wntmfj49d_1l4657_c6s25yk93kq/T/"/>
    <property name="line.separator" value="
"/>
    <property name="java.vm.specification.vendor" value="Oracle Corporation"/>
    <property name="os.name" value="Mac OS X"/>
    <property name="classworlds.conf" value="/usr/share/maven/bin/m2.conf"/>
    <property name="sun.jnu.encoding" value="UTF-8"/>
    <property name="java.library.path" value="/Users/ugomech/Library/Java/Extensions:/Library/Java/Extensions:/Network/Library/Java/Extensions:/System/Library/Java/Extensions:/usr/lib/java:."/>
    <property name="java.specification.name" value="Java Platform API Specification"/>
    <property name="java.class.version" value="51.0"/>
    <property name="sun.management.compiler" value="HotSpot 64-Bit Tiered Compilers"/>
    <property name="os.version" value="10.8.4"/>
    <property name="http.nonProxyHosts" value="local|*.local|169.254/16|*.169.254/16"/>
    <property name="user.home" value="/Users/ugomech"/>
    <property name="user.timezone" value="America/New_York"/>
    <property name="java.awt.printerjob" value="sun.lwawt.macosx.CPrinterJob"/>
    <property name="java.specification.version" value="1.7"/>
    <property name="file.encoding" value="UTF-8"/>
    <property name="user.name" value="ugomech"/>
    <property name="java.class.path" value="/usr/share/maven/boot/plexus-classworlds-2.4.jar"/>
    <property name="java.vm.specification.version" value="1.7"/>
    <property name="sun.arch.data.model" value="64"/>
    <property name="java.home" value="/Library/Java/JavaVirtualMachines/jdk1.7.0_25.jdk/Contents/Home/jre"/>
    <property name="sun.java.command" value="org.codehaus.plexus.classworlds.launcher.Launcher install"/>
    <property name="java.specification.vendor" value="Oracle Corporation"/>
    <property name="user.language" value="en"/>
    <property name="awt.toolkit" value="sun.lwawt.macosx.LWCToolkit"/>
    <property name="java.vm.info" value="mixed mode"/>
    <property name="java.version" value="1.7.0_25"/>
    <property name="java.ext.dirs" value="/Users/ugomech/Library/Java/Extensions:/Library/Java/JavaVirtualMachines/jdk1.7.0_25.jdk/Contents/Home/jre/lib/ext:/Library/Java/Extensions:/Network/Library/Java/Extensions:/System/Library/Java/Extensions:/usr/lib/java"/>
    <property name="sun.boot.class.path" value="/Library/Java/JavaVirtualMachines/jdk1.7.0_25.jdk/Contents/Home/jre/lib/resources.jar:/Library/Java/JavaVirtualMachines/jdk1.7.0_25.jdk/Contents/Home/jre/lib/rt.jar:/Library/Java/JavaVirtualMachines/jdk1.7.0_25.jdk/Contents/Home/jre/lib/sunrsasign.jar:/Library/Java/JavaVirtualMachines/jdk1.7.0_25.jdk/Contents/Home/jre/lib/jsse.jar:/Library/Java/JavaVirtualMachines/jdk1.7.0_25.jdk/Contents/Home/jre/lib/jce.jar:/Library/Java/JavaVirtualMachines/jdk1.7.0_25.jdk/Contents/Home/jre/lib/charsets.jar:/Library/Java/JavaVirtualMachines/jdk1.7.0_25.jdk/Contents/Home/jre/lib/jfr.jar:/Library/Java/JavaVirtualMachines/jdk1.7.0_25.jdk/Contents/Home/jre/lib/JObjC.jar:/Library/Java/JavaVirtualMachines/jdk1.7.0_25.jdk/Contents/Home/jre/classes"/>
    <property name="java.vendor" value="Oracle Corporation"/>
    <property name="maven.home" value="/usr/share/maven"/>
    <property name="file.separator" value="/"/>
    <property name="java.vendor.url.bug" value="http://bugreport.sun.com/bugreport/"/>
    <property name="sun.cpu.endian" value="little"/>
    <property name="sun.io.unicode.encoding" value="UnicodeBig"/>
    <property name="socksNonProxyHosts" value="local|*.local|169.254/16|*.169.254/16"/>
    <property name="ftp.nonProxyHosts" value="local|*.local|169.254/16|*.169.254/16"/>
    <property name="sun.cpu.isalist" value=""/>
  </properties>
  <testcase time="0.005" classname="com.elasticpath.service.catalog.impl.CategoryServiceImplTest" name="testFindAncestorCategoryCodesByCategoryUid"/>
  <testcase time="0.002" classname="com.elasticpath.service.catalog.impl.CategoryServiceImplTest" name="testFindMaxChildOrderingParentNotExists"/>
  <testcase time="0.001" classname="com.elasticpath.service.catalog.impl.CategoryServiceImplTest" name="testPersistenceEngineIsNull"/>
  <testcase time="0.001" classname="com.elasticpath.service.catalog.impl.CategoryServiceImplTest" name="testAddLinkedCategoryWithObjectsStartsWithZeroDepth"/>
  <testcase time="0.002" classname="com.elasticpath.service.catalog.impl.CategoryServiceImplTest" name="testUpdateProductsWithNewLinkedCategoryAndProductIsDefault"/>
  <testcase time="0.001" classname="com.elasticpath.service.catalog.impl.CategoryServiceImplTest" name="testFindByUidsWithCategoryLoadTuner"/>
  <testcase time="0.003" classname="com.elasticpath.service.catalog.impl.CategoryServiceImplTest" name="testUpdateOrder"/>
  <testcase time="0.001" classname="com.elasticpath.service.catalog.impl.CategoryServiceImplTest" name="testLoad"/>
  <testcase time="0.001" classname="com.elasticpath.service.catalog.impl.CategoryServiceImplTest" name="testAddLinkedCategoryRecursiveChecksForDuplicates"/>
  <testcase time="0.001" classname="com.elasticpath.service.catalog.impl.CategoryServiceImplTest" name="testFindByGuid"/>
  <testcase time="0.001" classname="com.elasticpath.service.catalog.impl.CategoryServiceImplTest" name="testFindByUids"/>
  <testcase time="0.001" classname="com.elasticpath.service.catalog.impl.CategoryServiceImplTest" name="testCategoryDoesNotExistsWithCompoundGuid"/>
  <testcase time="0.001" classname="com.elasticpath.service.catalog.impl.CategoryServiceImplTest" name="testFindUidByCompoundCategoryGuid"/>
  <testcase time="0.001" classname="com.elasticpath.service.catalog.impl.CategoryServiceImplTest" name="testFindByGuidCatalogGuid"/>
  <testcase time="0.001" classname="com.elasticpath.service.catalog.impl.CategoryServiceImplTest" name="testFindMinRootOrderingCatalogNotExists"/>
  <testcase time="0.002" classname="com.elasticpath.service.catalog.impl.CategoryServiceImplTest" name="testListRootCategoriesWithTree"/>
  <testcase time="0.001" classname="com.elasticpath.service.catalog.impl.CategoryServiceImplTest" name="testAddNonLinkedSucceeds"/>
  <testcase time="0.008" classname="com.elasticpath.service.catalog.impl.CategoryServiceImplTest" name="testAddLinkedCategoryProducts"/>
  <testcase time="0.001" classname="com.elasticpath.service.catalog.impl.CategoryServiceImplTest" name="testGetCategoryWithAttribute"/>
  <testcase time="0.001" classname="com.elasticpath.service.catalog.impl.CategoryServiceImplTest" name="testLinkedCategoryExistsWithCompoundGuid"/>
  <testcase time="0.001" classname="com.elasticpath.service.catalog.impl.CategoryServiceImplTest" name="testFindAncestorCategoryUidsWithTreeOrder"/>
  <testcase time="0" classname="com.elasticpath.service.catalog.impl.CategoryServiceImplTest" name="testFindCategoryByCriterias"/>
  <testcase time="0" classname="com.elasticpath.service.catalog.impl.CategoryServiceImplTest" name="testAddNonLinkedPreExistingFails"/>
  <testcase time="0.002" classname="com.elasticpath.service.catalog.impl.CategoryServiceImplTest" name="testLoadWithFGLoadTuner"/>
  <testcase time="0.001" classname="com.elasticpath.service.catalog.impl.CategoryServiceImplTest" name="testAddLinkedCategoryLoadsObjects"/>
  <testcase time="0.003" classname="com.elasticpath.service.catalog.impl.CategoryServiceImplTest" name="testRemoveCategoryProducts"/>
  <testcase time="0.001" classname="com.elasticpath.service.catalog.impl.CategoryServiceImplTest" name="testFindDirectDescendantCategoriesWithZeroCategoryUid"/>
  <testcase time="0.001" classname="com.elasticpath.service.catalog.impl.CategoryServiceImplTest" name="testIsProductInCategory"/>
  <testcase time="0.002" classname="com.elasticpath.service.catalog.impl.CategoryServiceImplTest" name="testCategoryExistsWithCompoundGuid"/>
  <testcase time="0.001" classname="com.elasticpath.service.catalog.impl.CategoryServiceImplTest" name="testFindCodeByUidNoCodesReturned"/>
  <testcase time="0.002" classname="com.elasticpath.service.catalog.impl.CategoryServiceImplTest" name="testFindMinChildOrderingParentExists"/>
  <testcase time="0.001" classname="com.elasticpath.service.catalog.impl.CategoryServiceImplTest" name="testListRootCategories"/>
  <testcase time="0.002" classname="com.elasticpath.service.catalog.impl.CategoryServiceImplTest" name="testAddLinkedCategoryRecursiveRecurses"/>
  <testcase time="0.002" classname="com.elasticpath.service.catalog.impl.CategoryServiceImplTest" name="testFindMinChildOrderingParentNotExists"/>
  <testcase time="0.001" classname="com.elasticpath.service.catalog.impl.CategoryServiceImplTest" name="testFindMinRootOrderingCatalogExists"/>
  <testcase time="0.002" classname="com.elasticpath.service.catalog.impl.CategoryServiceImplTest" name="testLinkedCategoryExists"/>
  <testcase time="0.001" classname="com.elasticpath.service.catalog.impl.CategoryServiceImplTest" name="testFindAncestorCategoryCodesByCategoryUidNoParents"/>
  <testcase time="0.003" classname="com.elasticpath.service.catalog.impl.CategoryServiceImplTest" name="testUpdateOrderingNonRootSameOrdering"/>
  <testcase time="0.001" classname="com.elasticpath.service.catalog.impl.CategoryServiceImplTest" name="testUpdatePosition"/>
  <testcase time="0.001" classname="com.elasticpath.service.catalog.impl.CategoryServiceImplTest" name="testLoadWithCategoryLoadTuner"/>
  <testcase time="0.001" classname="com.elasticpath.service.catalog.impl.CategoryServiceImplTest" name="testMasterCategoryExists"/>
  <testcase time="0.001" classname="com.elasticpath.service.catalog.impl.CategoryServiceImplTest" name="testFindCodeByUidOneCodeReturned"/>
  <testcase time="0.001" classname="com.elasticpath.service.catalog.impl.CategoryServiceImplTest" name="testUpdateOrderInDifferentCatalog"/>
  <testcase time="0.001" classname="com.elasticpath.service.catalog.impl.CategoryServiceImplTest" name="testFindDirectDescendantCategoriesWithExistingCategoryUid"/>
  <testcase time="0.001" classname="com.elasticpath.service.catalog.impl.CategoryServiceImplTest" name="testAddingLinkedCategoryToMasterCatalog"/>
  <testcase time="0.001" classname="com.elasticpath.service.catalog.impl.CategoryServiceImplTest" name="testFindByCompoundGuidWithFetchGroupLoadTuner"/>
  <testcase time="0.001" classname="com.elasticpath.service.catalog.impl.CategoryServiceImplTest" name="testFindMaxChildOrderingParentExists"/>
  <testcase time="0.001" classname="com.elasticpath.service.catalog.impl.CategoryServiceImplTest" name="testFindAncestorCategoryUidsByCategoryUid"/>
  <testcase time="0.001" classname="com.elasticpath.service.catalog.impl.CategoryServiceImplTest" name="testFindMaxRootOrderingCatalogExists"/>
  <testcase time="0.002" classname="com.elasticpath.service.catalog.impl.CategoryServiceImplTest" name="testRemoveCategoryTree"/>
  <testcase time="0.001" classname="com.elasticpath.service.catalog.impl.CategoryServiceImplTest" name="testFindMaxRootOrderingCatalogNotExists"/>
  <testcase time="0" classname="com.elasticpath.service.catalog.impl.CategoryServiceImplTest" name="testListAvailableRootCategoriesWithTree"/>
  <testcase time="0.001" classname="com.elasticpath.service.catalog.impl.CategoryServiceImplTest" name="testUpdate"/>
  <testcase time="0.001" classname="com.elasticpath.service.catalog.impl.CategoryServiceImplTest" name="testSaveOrUpdate"/>
  <testcase time="0" classname="com.elasticpath.service.catalog.impl.CategoryServiceImplTest" name="testFindAncestorCategoryUidsByCategoryUidNoParents"/>
  <testcase time="0.001" classname="com.elasticpath.service.catalog.impl.CategoryServiceImplTest" name="testFindByCompoundGuid"/>
  <testcase time="0.001" classname="com.elasticpath.service.catalog.impl.CategoryServiceImplTest" name="testUpdateProductsWithNewLinkedCategory"/>
  <testcase time="0.001" classname="com.elasticpath.service.catalog.impl.CategoryServiceImplTest" name="testListAvailableRootCategories"/>
  <testcase time="0.001" classname="com.elasticpath.service.catalog.impl.CategoryServiceImplTest" name="testAddLinkedPreExistingFails"/>
</testsuite>