<?xml version="1.0" encoding="UTF-8" ?>
<testsuite failures="0" time="0.057" errors="0" skipped="0" tests="57" name="com.elasticpath.domain.catalog.impl.ProductImplTest">
  <properties>
    <property name="sun.lang.ClassLoader.allowArraySyntax" value="true"/>
    <property name="java.runtime.name" value="Java(TM) SE Runtime Environment"/>
    <property name="sun.boot.library.path" value="/Library/Java/JavaVirtualMachines/jdk1.7.0_25.jdk/Contents/Home/jre/lib"/>
    <property name="java.vm.version" value="23.25-b01"/>
    <property name="gopherProxySet" value="false"/>
    <property name="java.vm.vendor" value="Oracle Corporation"/>
    <property name="java.vendor.url" value="http://java.oracle.com/"/>
    <property name="path.separator" value=":"/>
    <property name="guice.disable.misplaced.annotation.check" value="true"/>
    <property name="java.vm.name" value="Java HotSpot(TM) 64-Bit Server VM"/>
    <property name="file.encoding.pkg" value="sun.io"/>
    <property name="user.country" value="US"/>
    <property name="sun.java.launcher" value="SUN_STANDARD"/>
    <property name="sun.os.patch.level" value="unknown"/>
    <property name="java.vm.specification.name" value="Java Virtual Machine Specification"/>
    <property name="user.dir" value="/Users/ugomech/Documents/Commerce-Engine/platform"/>
    <property name="java.runtime.version" value="1.7.0_25-b15"/>
    <property name="java.awt.graphicsenv" value="sun.awt.CGraphicsEnvironment"/>
    <property name="java.endorsed.dirs" value="/Library/Java/JavaVirtualMachines/jdk1.7.0_25.jdk/Contents/Home/jre/lib/endorsed"/>
    <property name="os.arch" value="x86_64"/>
    <property name="java.io.tmpdir" value="/var/folders/zm/k8wntmfj49d_1l4657_c6s25yk93kq/T/"/>
    <property name="line.separator" value="
"/>
    <property name="java.vm.specification.vendor" value="Oracle Corporation"/>
    <property name="os.name" value="Mac OS X"/>
    <property name="classworlds.conf" value="/usr/share/maven/bin/m2.conf"/>
    <property name="sun.jnu.encoding" value="UTF-8"/>
    <property name="java.library.path" value="/Users/ugomech/Library/Java/Extensions:/Library/Java/Extensions:/Network/Library/Java/Extensions:/System/Library/Java/Extensions:/usr/lib/java:."/>
    <property name="java.specification.name" value="Java Platform API Specification"/>
    <property name="java.class.version" value="51.0"/>
    <property name="sun.management.compiler" value="HotSpot 64-Bit Tiered Compilers"/>
    <property name="os.version" value="10.8.4"/>
    <property name="http.nonProxyHosts" value="local|*.local|169.254/16|*.169.254/16"/>
    <property name="user.home" value="/Users/ugomech"/>
    <property name="user.timezone" value="America/New_York"/>
    <property name="java.awt.printerjob" value="sun.lwawt.macosx.CPrinterJob"/>
    <property name="java.specification.version" value="1.7"/>
    <property name="file.encoding" value="UTF-8"/>
    <property name="user.name" value="ugomech"/>
    <property name="java.class.path" value="/usr/share/maven/boot/plexus-classworlds-2.4.jar"/>
    <property name="java.vm.specification.version" value="1.7"/>
    <property name="sun.arch.data.model" value="64"/>
    <property name="java.home" value="/Library/Java/JavaVirtualMachines/jdk1.7.0_25.jdk/Contents/Home/jre"/>
    <property name="sun.java.command" value="org.codehaus.plexus.classworlds.launcher.Launcher install"/>
    <property name="java.specification.vendor" value="Oracle Corporation"/>
    <property name="user.language" value="en"/>
    <property name="awt.toolkit" value="sun.lwawt.macosx.LWCToolkit"/>
    <property name="java.vm.info" value="mixed mode"/>
    <property name="java.version" value="1.7.0_25"/>
    <property name="java.ext.dirs" value="/Users/ugomech/Library/Java/Extensions:/Library/Java/JavaVirtualMachines/jdk1.7.0_25.jdk/Contents/Home/jre/lib/ext:/Library/Java/Extensions:/Network/Library/Java/Extensions:/System/Library/Java/Extensions:/usr/lib/java"/>
    <property name="sun.boot.class.path" value="/Library/Java/JavaVirtualMachines/jdk1.7.0_25.jdk/Contents/Home/jre/lib/resources.jar:/Library/Java/JavaVirtualMachines/jdk1.7.0_25.jdk/Contents/Home/jre/lib/rt.jar:/Library/Java/JavaVirtualMachines/jdk1.7.0_25.jdk/Contents/Home/jre/lib/sunrsasign.jar:/Library/Java/JavaVirtualMachines/jdk1.7.0_25.jdk/Contents/Home/jre/lib/jsse.jar:/Library/Java/JavaVirtualMachines/jdk1.7.0_25.jdk/Contents/Home/jre/lib/jce.jar:/Library/Java/JavaVirtualMachines/jdk1.7.0_25.jdk/Contents/Home/jre/lib/charsets.jar:/Library/Java/JavaVirtualMachines/jdk1.7.0_25.jdk/Contents/Home/jre/lib/jfr.jar:/Library/Java/JavaVirtualMachines/jdk1.7.0_25.jdk/Contents/Home/jre/lib/JObjC.jar:/Library/Java/JavaVirtualMachines/jdk1.7.0_25.jdk/Contents/Home/jre/classes"/>
    <property name="java.vendor" value="Oracle Corporation"/>
    <property name="maven.home" value="/usr/share/maven"/>
    <property name="file.separator" value="/"/>
    <property name="java.vendor.url.bug" value="http://bugreport.sun.com/bugreport/"/>
    <property name="sun.cpu.endian" value="little"/>
    <property name="sun.io.unicode.encoding" value="UnicodeBig"/>
    <property name="socksNonProxyHosts" value="local|*.local|169.254/16|*.169.254/16"/>
    <property name="ftp.nonProxyHosts" value="local|*.local|169.254/16|*.169.254/16"/>
    <property name="sun.cpu.isalist" value=""/>
  </properties>
  <testcase time="0.002" classname="com.elasticpath.domain.catalog.impl.ProductImplTest" name="testSetProductSkusToNullClearsMap"/>
  <testcase time="0.001" classname="com.elasticpath.domain.catalog.impl.ProductImplTest" name="testGetSetCode"/>
  <testcase time="0.001" classname="com.elasticpath.domain.catalog.impl.ProductImplTest" name="testSetLastModifiedDate"/>
  <testcase time="0" classname="com.elasticpath.domain.catalog.impl.ProductImplTest" name="testRemoveProductWithNull"/>
  <testcase time="0.001" classname="com.elasticpath.domain.catalog.impl.ProductImplTest" name="testSetCategoriesNotIncludingDefaultCategoryForbidden"/>
  <testcase time="0.001" classname="com.elasticpath.domain.catalog.impl.ProductImplTest" name="testAddCategory"/>
  <testcase time="0" classname="com.elasticpath.domain.catalog.impl.ProductImplTest" name="testGetSetBrand"/>
  <testcase time="0.001" classname="com.elasticpath.domain.catalog.impl.ProductImplTest" name="testGetCategories"/>
  <testcase time="0.001" classname="com.elasticpath.domain.catalog.impl.ProductImplTest" name="testGetEndDate"/>
  <testcase time="0.001" classname="com.elasticpath.domain.catalog.impl.ProductImplTest" name="testGetSetTaxCode"/>
  <testcase time="0.001" classname="com.elasticpath.domain.catalog.impl.ProductImplTest" name="testAddProductCategoryAgain"/>
  <testcase time="0.001" classname="com.elasticpath.domain.catalog.impl.ProductImplTest" name="testGetSetDefaultSku2"/>
  <testcase time="0" classname="com.elasticpath.domain.catalog.impl.ProductImplTest" name="testAddProductCategoryWithNull"/>
  <testcase time="0.001" classname="com.elasticpath.domain.catalog.impl.ProductImplTest" name="testGetStartDate"/>
  <testcase time="0" classname="com.elasticpath.domain.catalog.impl.ProductImplTest" name="testGetSetDefaultSku"/>
  <testcase time="0.001" classname="com.elasticpath.domain.catalog.impl.ProductImplTest" name="testSetFeaturedRankInUnassociatedCategory"/>
  <testcase time="0.001" classname="com.elasticpath.domain.catalog.impl.ProductImplTest" name="testMatchCorrectLocaleInLocaleFallbackPolicy"/>
  <testcase time="0.001" classname="com.elasticpath.domain.catalog.impl.ProductImplTest" name="testThatExtensionClassesCanOverrideAttributeValueImplementations"/>
  <testcase time="0.001" classname="com.elasticpath.domain.catalog.impl.ProductImplTest" name="testCompareTo"/>
  <testcase time="0" classname="com.elasticpath.domain.catalog.impl.ProductImplTest" name="testSetCategories"/>
  <testcase time="0.001" classname="com.elasticpath.domain.catalog.impl.ProductImplTest" name="testGetFeaturedRankInUnassociatedCategory"/>
  <testcase time="0.007" classname="com.elasticpath.domain.catalog.impl.ProductImplTest" name="testGetFullAttributeValues"/>
  <testcase time="0.001" classname="com.elasticpath.domain.catalog.impl.ProductImplTest" name="testExtensionClassesCanOverrideLocaleDependantFieldsFactory"/>
  <testcase time="0" classname="com.elasticpath.domain.catalog.impl.ProductImplTest" name="testGetLastModifiedDate"/>
  <testcase time="0.001" classname="com.elasticpath.domain.catalog.impl.ProductImplTest" name="testExtensionClassesCanOverrideProductCategoryImplementation"/>
  <testcase time="0.001" classname="com.elasticpath.domain.catalog.impl.ProductImplTest" name="testSetCategoryAsDefaultAddsCategory"/>
  <testcase time="0" classname="com.elasticpath.domain.catalog.impl.ProductImplTest" name="testSetCategoryAsDefaultUnsetsOtherCategoriesInSameCatalog"/>
  <testcase time="0" classname="com.elasticpath.domain.catalog.impl.ProductImplTest" name="testEnsureProductHasDefaultCategory"/>
  <testcase time="0.002" classname="com.elasticpath.domain.catalog.impl.ProductImplTest" name="testGetDisplayName"/>
  <testcase time="0" classname="com.elasticpath.domain.catalog.impl.ProductImplTest" name="testGetDefaultCategory"/>
  <testcase time="0.001" classname="com.elasticpath.domain.catalog.impl.ProductImplTest" name="testGetMaxFeaturedProductOrder"/>
  <testcase time="0" classname="com.elasticpath.domain.catalog.impl.ProductImplTest" name="testSetProductCategories"/>
  <testcase time="0" classname="com.elasticpath.domain.catalog.impl.ProductImplTest" name="testGetSetSalesCount"/>
  <testcase time="0" classname="com.elasticpath.domain.catalog.impl.ProductImplTest" name="testSetCategoriesIncludingDefaultCategoryPermitted"/>
  <testcase time="0" classname="com.elasticpath.domain.catalog.impl.ProductImplTest" name="testSetLocaleDependantFieldsMap"/>
  <testcase time="0" classname="com.elasticpath.domain.catalog.impl.ProductImplTest" name="testGetTemplate"/>
  <testcase time="0.002" classname="com.elasticpath.domain.catalog.impl.ProductImplTest" name="testGetAttributeValueGroupWithMapPopulated"/>
  <testcase time="0" classname="com.elasticpath.domain.catalog.impl.ProductImplTest" name="testInitialize"/>
  <testcase time="0.001" classname="com.elasticpath.domain.catalog.impl.ProductImplTest" name="testRemoveAllCategoryAssociations"/>
  <testcase time="0.001" classname="com.elasticpath.domain.catalog.impl.ProductImplTest" name="testGetDisplayNameFallbackForbidden"/>
  <testcase time="0" classname="com.elasticpath.domain.catalog.impl.ProductImplTest" name="testGetLocaleDependantFieldsFallbackToEmptyLDF"/>
  <testcase time="0.001" classname="com.elasticpath.domain.catalog.impl.ProductImplTest" name="testSetStartDate"/>
  <testcase time="0" classname="com.elasticpath.domain.catalog.impl.ProductImplTest" name="testGetProductCategories"/>
  <testcase time="0" classname="com.elasticpath.domain.catalog.impl.ProductImplTest" name="testSetEndDate"/>
  <testcase time="0.001" classname="com.elasticpath.domain.catalog.impl.ProductImplTest" name="testAddOrUpdateSku"/>
  <testcase time="0" classname="com.elasticpath.domain.catalog.impl.ProductImplTest" name="testGetFeaturedRankInCategory"/>
  <testcase time="0.001" classname="com.elasticpath.domain.catalog.impl.ProductImplTest" name="testGetAttributeValues"/>
  <testcase time="0.002" classname="com.elasticpath.domain.catalog.impl.ProductImplTest" name="testGetSkuByGuidWithTwoSkus"/>
  <testcase time="0" classname="com.elasticpath.domain.catalog.impl.ProductImplTest" name="testHasMultipleSkus"/>
  <testcase time="0.002" classname="com.elasticpath.domain.catalog.impl.ProductImplTest" name="testHasSkusWithinDateRange"/>
  <testcase time="0" classname="com.elasticpath.domain.catalog.impl.ProductImplTest" name="testRemoveCategory"/>
  <testcase time="0" classname="com.elasticpath.domain.catalog.impl.ProductImplTest" name="testSetFeaturedRankSucceeds"/>
  <testcase time="0.001" classname="com.elasticpath.domain.catalog.impl.ProductImplTest" name="testFindSkuWithOptionValueCodes"/>
  <testcase time="0.001" classname="com.elasticpath.domain.catalog.impl.ProductImplTest" name="testGetDisplayNameFallsBack"/>
  <testcase time="0.001" classname="com.elasticpath.domain.catalog.impl.ProductImplTest" name="testAddCategorySetsDefault"/>
  <testcase time="0" classname="com.elasticpath.domain.catalog.impl.ProductImplTest" name="testSetCategoryAsDefault"/>
  <testcase time="0.001" classname="com.elasticpath.domain.catalog.impl.ProductImplTest" name="testRemoveSku"/>
</testsuite>