<?xml version="1.0" encoding="UTF-8" ?>
<testsuite failures="0" time="0.061" errors="0" skipped="0" tests="51" name="com.elasticpath.domain.dataimport.impl.ImportDataTypeProductImplTest">
  <properties>
    <property name="sun.lang.ClassLoader.allowArraySyntax" value="true"/>
    <property name="java.runtime.name" value="Java(TM) SE Runtime Environment"/>
    <property name="sun.boot.library.path" value="/Library/Java/JavaVirtualMachines/jdk1.7.0_25.jdk/Contents/Home/jre/lib"/>
    <property name="java.vm.version" value="23.25-b01"/>
    <property name="gopherProxySet" value="false"/>
    <property name="java.vm.vendor" value="Oracle Corporation"/>
    <property name="java.vendor.url" value="http://java.oracle.com/"/>
    <property name="path.separator" value=":"/>
    <property name="guice.disable.misplaced.annotation.check" value="true"/>
    <property name="java.vm.name" value="Java HotSpot(TM) 64-Bit Server VM"/>
    <property name="file.encoding.pkg" value="sun.io"/>
    <property name="user.country" value="US"/>
    <property name="sun.java.launcher" value="SUN_STANDARD"/>
    <property name="sun.os.patch.level" value="unknown"/>
    <property name="java.vm.specification.name" value="Java Virtual Machine Specification"/>
    <property name="user.dir" value="/Users/ugomech/Documents/Commerce-Engine/platform"/>
    <property name="java.runtime.version" value="1.7.0_25-b15"/>
    <property name="java.awt.graphicsenv" value="sun.awt.CGraphicsEnvironment"/>
    <property name="java.endorsed.dirs" value="/Library/Java/JavaVirtualMachines/jdk1.7.0_25.jdk/Contents/Home/jre/lib/endorsed"/>
    <property name="os.arch" value="x86_64"/>
    <property name="java.io.tmpdir" value="/var/folders/zm/k8wntmfj49d_1l4657_c6s25yk93kq/T/"/>
    <property name="line.separator" value="
"/>
    <property name="java.vm.specification.vendor" value="Oracle Corporation"/>
    <property name="os.name" value="Mac OS X"/>
    <property name="classworlds.conf" value="/usr/share/maven/bin/m2.conf"/>
    <property name="sun.jnu.encoding" value="UTF-8"/>
    <property name="java.library.path" value="/Users/ugomech/Library/Java/Extensions:/Library/Java/Extensions:/Network/Library/Java/Extensions:/System/Library/Java/Extensions:/usr/lib/java:."/>
    <property name="java.specification.name" value="Java Platform API Specification"/>
    <property name="java.class.version" value="51.0"/>
    <property name="sun.management.compiler" value="HotSpot 64-Bit Tiered Compilers"/>
    <property name="os.version" value="10.8.4"/>
    <property name="http.nonProxyHosts" value="local|*.local|169.254/16|*.169.254/16"/>
    <property name="user.home" value="/Users/ugomech"/>
    <property name="user.timezone" value="America/New_York"/>
    <property name="java.awt.printerjob" value="sun.lwawt.macosx.CPrinterJob"/>
    <property name="java.specification.version" value="1.7"/>
    <property name="file.encoding" value="UTF-8"/>
    <property name="user.name" value="ugomech"/>
    <property name="java.class.path" value="/usr/share/maven/boot/plexus-classworlds-2.4.jar"/>
    <property name="java.vm.specification.version" value="1.7"/>
    <property name="sun.arch.data.model" value="64"/>
    <property name="java.home" value="/Library/Java/JavaVirtualMachines/jdk1.7.0_25.jdk/Contents/Home/jre"/>
    <property name="sun.java.command" value="org.codehaus.plexus.classworlds.launcher.Launcher install"/>
    <property name="java.specification.vendor" value="Oracle Corporation"/>
    <property name="user.language" value="en"/>
    <property name="awt.toolkit" value="sun.lwawt.macosx.LWCToolkit"/>
    <property name="java.vm.info" value="mixed mode"/>
    <property name="java.version" value="1.7.0_25"/>
    <property name="java.ext.dirs" value="/Users/ugomech/Library/Java/Extensions:/Library/Java/JavaVirtualMachines/jdk1.7.0_25.jdk/Contents/Home/jre/lib/ext:/Library/Java/Extensions:/Network/Library/Java/Extensions:/System/Library/Java/Extensions:/usr/lib/java"/>
    <property name="sun.boot.class.path" value="/Library/Java/JavaVirtualMachines/jdk1.7.0_25.jdk/Contents/Home/jre/lib/resources.jar:/Library/Java/JavaVirtualMachines/jdk1.7.0_25.jdk/Contents/Home/jre/lib/rt.jar:/Library/Java/JavaVirtualMachines/jdk1.7.0_25.jdk/Contents/Home/jre/lib/sunrsasign.jar:/Library/Java/JavaVirtualMachines/jdk1.7.0_25.jdk/Contents/Home/jre/lib/jsse.jar:/Library/Java/JavaVirtualMachines/jdk1.7.0_25.jdk/Contents/Home/jre/lib/jce.jar:/Library/Java/JavaVirtualMachines/jdk1.7.0_25.jdk/Contents/Home/jre/lib/charsets.jar:/Library/Java/JavaVirtualMachines/jdk1.7.0_25.jdk/Contents/Home/jre/lib/jfr.jar:/Library/Java/JavaVirtualMachines/jdk1.7.0_25.jdk/Contents/Home/jre/lib/JObjC.jar:/Library/Java/JavaVirtualMachines/jdk1.7.0_25.jdk/Contents/Home/jre/classes"/>
    <property name="java.vendor" value="Oracle Corporation"/>
    <property name="maven.home" value="/usr/share/maven"/>
    <property name="file.separator" value="/"/>
    <property name="java.vendor.url.bug" value="http://bugreport.sun.com/bugreport/"/>
    <property name="sun.cpu.endian" value="little"/>
    <property name="sun.io.unicode.encoding" value="UnicodeBig"/>
    <property name="socksNonProxyHosts" value="local|*.local|169.254/16|*.169.254/16"/>
    <property name="ftp.nonProxyHosts" value="local|*.local|169.254/16|*.169.254/16"/>
    <property name="sun.cpu.isalist" value=""/>
  </properties>
  <testcase time="0.012" classname="com.elasticpath.domain.dataimport.impl.ImportDataTypeProductImplTest" name="testInitializationWithWrongType"/>
  <testcase time="0.002" classname="com.elasticpath.domain.dataimport.impl.ImportDataTypeProductImplTest" name="testGetImportFieldOfSmallImage"/>
  <testcase time="0" classname="com.elasticpath.domain.dataimport.impl.ImportDataTypeProductImplTest" name="testGetImportFieldOfHidden"/>
  <testcase time="0" classname="com.elasticpath.domain.dataimport.impl.ImportDataTypeProductImplTest" name="testGetImportFieldOfGuidWithInvalidGuid"/>
  <testcase time="0.001" classname="com.elasticpath.domain.dataimport.impl.ImportDataTypeProductImplTest" name="testGetImportFieldSkuFileName"/>
  <testcase time="0.001" classname="com.elasticpath.domain.dataimport.impl.ImportDataTypeProductImplTest" name="testGetImportFieldOfDescription"/>
  <testcase time="0.002" classname="com.elasticpath.domain.dataimport.impl.ImportDataTypeProductImplTest" name="testGetImportFieldOfUrl"/>
  <testcase time="0.001" classname="com.elasticpath.domain.dataimport.impl.ImportDataTypeProductImplTest" name="testGetImportFieldOfDefaultCategoryWithNonExistingGuid"/>
  <testcase time="0.002" classname="com.elasticpath.domain.dataimport.impl.ImportDataTypeProductImplTest" name="testGetImportFieldOfStartDate"/>
  <testcase time="0" classname="com.elasticpath.domain.dataimport.impl.ImportDataTypeProductImplTest" name="testGetImportFieldOfStartDateWithError"/>
  <testcase time="0.001" classname="com.elasticpath.domain.dataimport.impl.ImportDataTypeProductImplTest" name="testGetImportFieldSkuExpiryDays"/>
  <testcase time="0.001" classname="com.elasticpath.domain.dataimport.impl.ImportDataTypeProductImplTest" name="testGetRequiredImportFields"/>
  <testcase time="0.001" classname="com.elasticpath.domain.dataimport.impl.ImportDataTypeProductImplTest" name="testGetName"/>
  <testcase time="0" classname="com.elasticpath.domain.dataimport.impl.ImportDataTypeProductImplTest" name="testGetImportFieldOfSkuWidth"/>
  <testcase time="0.002" classname="com.elasticpath.domain.dataimport.impl.ImportDataTypeProductImplTest" name="testImportFieldOfDefaultCategory"/>
  <testcase time="0.001" classname="com.elasticpath.domain.dataimport.impl.ImportDataTypeProductImplTest" name="testSettingTitleWithTextExceedingMaximumLength"/>
  <testcase time="0.001" classname="com.elasticpath.domain.dataimport.impl.ImportDataTypeProductImplTest" name="testGetImportFieldOfBrandWithNonExistGuid"/>
  <testcase time="0.001" classname="com.elasticpath.domain.dataimport.impl.ImportDataTypeProductImplTest" name="testGetImportFieldOfDescriptionErrorTooLong"/>
  <testcase time="0.001" classname="com.elasticpath.domain.dataimport.impl.ImportDataTypeProductImplTest" name="testImportProductInCatalog"/>
  <testcase time="0.001" classname="com.elasticpath.domain.dataimport.impl.ImportDataTypeProductImplTest" name="testGetImportFieldOfDisplayNameNullForNonRequiredLocale"/>
  <testcase time="0.001" classname="com.elasticpath.domain.dataimport.impl.ImportDataTypeProductImplTest" name="testInitializationWithNull"/>
  <testcase time="0.001" classname="com.elasticpath.domain.dataimport.impl.ImportDataTypeProductImplTest" name="testGetImportFieldOfDefaultCategoryWithNull"/>
  <testcase time="0" classname="com.elasticpath.domain.dataimport.impl.ImportDataTypeProductImplTest" name="testGetImportFieldShippable"/>
  <testcase time="0.001" classname="com.elasticpath.domain.dataimport.impl.ImportDataTypeProductImplTest" name="testGetImportFieldOfSkuAttributes"/>
  <testcase time="0" classname="com.elasticpath.domain.dataimport.impl.ImportDataTypeProductImplTest" name="testGetImportFieldOfSkuOptionWithNull"/>
  <testcase time="0.001" classname="com.elasticpath.domain.dataimport.impl.ImportDataTypeProductImplTest" name="testGetImportFieldOfEndDateWithError"/>
  <testcase time="0.001" classname="com.elasticpath.domain.dataimport.impl.ImportDataTypeProductImplTest" name="testGetImportFieldOfDisplayNameNullForRequiredLocale"/>
  <testcase time="0.001" classname="com.elasticpath.domain.dataimport.impl.ImportDataTypeProductImplTest" name="testGetImportFieldOfColorWithError"/>
  <testcase time="0.001" classname="com.elasticpath.domain.dataimport.impl.ImportDataTypeProductImplTest" name="testGetImportFieldOfSkuHeight"/>
  <testcase time="0.001" classname="com.elasticpath.domain.dataimport.impl.ImportDataTypeProductImplTest" name="testGetImportFieldOfBrand"/>
  <testcase time="0.001" classname="com.elasticpath.domain.dataimport.impl.ImportDataTypeProductImplTest" name="testGetImportFieldOfImage"/>
  <testcase time="0" classname="com.elasticpath.domain.dataimport.impl.ImportDataTypeProductImplTest" name="testGetImportFieldOfTitle"/>
  <testcase time="0.001" classname="com.elasticpath.domain.dataimport.impl.ImportDataTypeProductImplTest" name="testGetImportFieldOfSkuLength"/>
  <testcase time="0.001" classname="com.elasticpath.domain.dataimport.impl.ImportDataTypeProductImplTest" name="testGetImportFieldOfSkuOption"/>
  <testcase time="0.001" classname="com.elasticpath.domain.dataimport.impl.ImportDataTypeProductImplTest" name="testSettingKeywordsWithTextExceedingMaximumLength"/>
  <testcase time="0.001" classname="com.elasticpath.domain.dataimport.impl.ImportDataTypeProductImplTest" name="testGetImportFieldOfSkuWeight"/>
  <testcase time="0" classname="com.elasticpath.domain.dataimport.impl.ImportDataTypeProductImplTest" name="testGetGuidFieldName"/>
  <testcase time="0" classname="com.elasticpath.domain.dataimport.impl.ImportDataTypeProductImplTest" name="testGetImportFieldOfDisplayNameErrorTooLong"/>
  <testcase time="0.001" classname="com.elasticpath.domain.dataimport.impl.ImportDataTypeProductImplTest" name="testGetImportFieldOfSkuCode"/>
  <testcase time="0.001" classname="com.elasticpath.domain.dataimport.impl.ImportDataTypeProductImplTest" name="testGetOptionalImportFields"/>
  <testcase time="0" classname="com.elasticpath.domain.dataimport.impl.ImportDataTypeProductImplTest" name="testGetImportFieldOfSizeWithError"/>
  <testcase time="0" classname="com.elasticpath.domain.dataimport.impl.ImportDataTypeProductImplTest" name="testGetImportFieldOfGuidWithNull"/>
  <testcase time="0.001" classname="com.elasticpath.domain.dataimport.impl.ImportDataTypeProductImplTest" name="testGetImportFieldSkuMaxDownloadTimes"/>
  <testcase time="0.001" classname="com.elasticpath.domain.dataimport.impl.ImportDataTypeProductImplTest" name="testGetImportFieldOfEndDate"/>
  <testcase time="0.001" classname="com.elasticpath.domain.dataimport.impl.ImportDataTypeProductImplTest" name="testSettingUrlWithTextExceedingMaximumLength"/>
  <testcase time="0.001" classname="com.elasticpath.domain.dataimport.impl.ImportDataTypeProductImplTest" name="testGetImportFieldOfKeyWords"/>
  <testcase time="0.001" classname="com.elasticpath.domain.dataimport.impl.ImportDataTypeProductImplTest" name="testGetImportFieldOfDisplayName"/>
  <testcase time="0.001" classname="com.elasticpath.domain.dataimport.impl.ImportDataTypeProductImplTest" name="testSettingFilenameWithTextExceedingMaxLength"/>
  <testcase time="0.001" classname="com.elasticpath.domain.dataimport.impl.ImportDataTypeProductImplTest" name="testGetImportFieldOfGuid"/>
  <testcase time="0.001" classname="com.elasticpath.domain.dataimport.impl.ImportDataTypeProductImplTest" name="testGetImportFieldOfSize"/>
  <testcase time="0.001" classname="com.elasticpath.domain.dataimport.impl.ImportDataTypeProductImplTest" name="testSettingImageWithTextExceedingMaxLength"/>
</testsuite>