<?xml version="1.0" encoding="UTF-8"?>
<testsuite name="com.elasticpath.test.db.BrandPersistenceTest" time="0" tests="8" errors="0" skipped="8" failures="0">
  <properties>
    <property name="sun.lang.ClassLoader.allowArraySyntax" value="true"/>
    <property name="java.runtime.name" value="Java(TM) SE Runtime Environment"/>
    <property name="sun.boot.library.path" value="/Library/Java/JavaVirtualMachines/jdk1.7.0_25.jdk/Contents/Home/jre/lib"/>
    <property name="java.vm.version" value="23.25-b01"/>
    <property name="gopherProxySet" value="false"/>
    <property name="java.vm.vendor" value="Oracle Corporation"/>
    <property name="java.vendor.url" value="http://java.oracle.com/"/>
    <property name="path.separator" value=":"/>
    <property name="guice.disable.misplaced.annotation.check" value="true"/>
    <property name="java.vm.name" value="Java HotSpot(TM) 64-Bit Server VM"/>
    <property name="file.encoding.pkg" value="sun.io"/>
    <property name="user.country" value="US"/>
    <property name="sun.java.launcher" value="SUN_STANDARD"/>
    <property name="sun.os.patch.level" value="unknown"/>
    <property name="java.vm.specification.name" value="Java Virtual Machine Specification"/>
    <property name="user.dir" value="/Users/ugomech/Documents/Commerce-Engine/platform"/>
    <property name="java.runtime.version" value="1.7.0_25-b15"/>
    <property name="java.awt.graphicsenv" value="sun.awt.CGraphicsEnvironment"/>
    <property name="java.endorsed.dirs" value="/Library/Java/JavaVirtualMachines/jdk1.7.0_25.jdk/Contents/Home/jre/lib/endorsed"/>
    <property name="os.arch" value="x86_64"/>
    <property name="java.io.tmpdir" value="/var/folders/zm/k8wntmfj49d_1l4657_c6s25yk93kq/T/"/>
    <property name="line.separator" value="&#10;"/>
    <property name="java.vm.specification.vendor" value="Oracle Corporation"/>
    <property name="os.name" value="Mac OS X"/>
    <property name="classworlds.conf" value="/usr/share/maven/bin/m2.conf"/>
    <property name="sun.jnu.encoding" value="UTF-8"/>
    <property name="java.library.path" value="/Users/ugomech/Library/Java/Extensions:/Library/Java/Extensions:/Network/Library/Java/Extensions:/System/Library/Java/Extensions:/usr/lib/java:."/>
    <property name="java.specification.name" value="Java Platform API Specification"/>
    <property name="java.class.version" value="51.0"/>
    <property name="sun.management.compiler" value="HotSpot 64-Bit Tiered Compilers"/>
    <property name="os.version" value="10.8.4"/>
    <property name="http.nonProxyHosts" value="local|*.local|169.254/16|*.169.254/16"/>
    <property name="user.home" value="/Users/ugomech"/>
    <property name="user.timezone" value="America/New_York"/>
    <property name="java.awt.printerjob" value="sun.lwawt.macosx.CPrinterJob"/>
    <property name="java.specification.version" value="1.7"/>
    <property name="file.encoding" value="UTF-8"/>
    <property name="user.name" value="ugomech"/>
    <property name="java.class.path" value="/Users/ugomech/Documents/Commerce-Engine/platform/geoip/ep-geoip-quova/target/classes:/Users/ugomech/.m2/repository/javax/jws/jsr181-api/1.0-MR1/jsr181-api-1.0-MR1.jar:/Users/ugomech/Documents/Commerce-Engine/platform/core/ep-core/target/ep-core-6.8.0.2013101613-RELEASE.jar:/Users/ugomech/Documents/Commerce-Engine/platform/core/ep-base/target/ep-base-6.8.0.2013101613-RELEASE.jar:/Users/ugomech/Documents/Commerce-Engine/platform/core/ep-cache/target/ep-cache-6.8.0.2013101613-RELEASE.jar:/Users/ugomech/Documents/Commerce-Engine/platform/core/ep-persistence-api/target/ep-persistence-api-6.8.0.2013101613-RELEASE.jar:/Users/ugomech/Documents/Commerce-Engine/platform/core/ep-persistence-openjpa/target/ep-persistence-openjpa-6.8.0.2013101613-RELEASE.jar:/Users/ugomech/Documents/Commerce-Engine/platform/payment-gateway-connectivity/ep-payment-gateway-connectivity-api/target/ep-payment-gateway-connectivity-api-6.8.0.2013101613-RELEASE.jar:/Users/ugomech/.m2/repository/org/apache/commons/commons-io/1.3.2/commons-io-1.3.2.jar:/Users/ugomech/Documents/Commerce-Engine/platform/payment-gateway-connectivity/ep-test-payment-gateway/target/ep-test-payment-gateway-6.8.0.2013101613-RELEASE.jar:/Users/ugomech/Documents/Commerce-Engine/platform/payment-gateway-connectivity/ep-payment-gateway-connectivity-test-commons/target/ep-payment-gateway-connectivity-test-commons-6.8.0.2013101613-RELEASE.jar:/Users/ugomech/.m2/repository/net/sf/dozer/dozer/5.3.2/dozer-5.3.2.jar:/Users/ugomech/.m2/repository/net/sf/ehcache/ehcache-openjpa/0.2.0/ehcache-openjpa-0.2.0.jar:/Users/ugomech/.m2/repository/net/sf/ehcache/ehcache-core/2.6.7/ehcache-core-2.6.7.jar:/Users/ugomech/.m2/repository/org/apache/solr/solr-solrj/1.4.1/solr-solrj-1.4.1.jar:/Users/ugomech/.m2/repository/commons-fileupload/commons-fileupload/1.2/commons-fileupload-1.2.jar:/Users/ugomech/.m2/repository/org/apache/geronimo/specs/geronimo-jpa_3.0_spec/1.0/geronimo-jpa_3.0_spec-1.0.jar:/Users/ugomech/.m2/repository/org/apache/lucene/lucene-core/2.9.3/lucene-core-2.9.3.jar:/Users/ugomech/.m2/repository/org/apache/ant/ant/1.7.1/ant-1.7.1.jar:/Users/ugomech/.m2/repository/org/apache/ant/ant-launcher/1.7.1/ant-launcher-1.7.1.jar:/Users/ugomech/.m2/repository/aopalliance/aopalliance/1.0/aopalliance-1.0.jar:/Users/ugomech/.m2/repository/org/drools/drools-api/5.0.1/drools-api-5.0.1.jar:/Users/ugomech/.m2/repository/org/drools/drools-core/5.0.1/drools-core-5.0.1.jar:/Users/ugomech/.m2/repository/org/mvel/mvel2/2.0.10/mvel2-2.0.10.jar:/Users/ugomech/.m2/repository/joda-time/joda-time/1.6/joda-time-1.6.jar:/Users/ugomech/.m2/repository/jdom/jdom/1.0/jdom-1.0.jar:/Users/ugomech/.m2/repository/org/springframework/security/spring-security-web/3.1.4.RELEASE/spring-security-web-3.1.4.RELEASE.jar:/Users/ugomech/.m2/repository/org/springframework/spring-aop/3.1.4.RELEASE/spring-aop-3.1.4.RELEASE.jar:/Users/ugomech/.m2/repository/org/springframework/spring-expression/3.1.4.RELEASE/spring-expression-3.1.4.RELEASE.jar:/Users/ugomech/.m2/repository/org/springframework/security/spring-security-remoting/3.1.4.RELEASE/spring-security-remoting-3.1.4.RELEASE.jar:/Users/ugomech/.m2/repository/org/springframework/security/spring-security-core/3.1.4.RELEASE/spring-security-core-3.1.4.RELEASE.jar:/Users/ugomech/.m2/repository/org/springframework/security/spring-security-config/3.1.4.RELEASE/spring-security-config-3.1.4.RELEASE.jar:/Users/ugomech/.m2/repository/org/springframework/spring-tx/3.1.4.RELEASE/spring-tx-3.1.4.RELEASE.jar:/Users/ugomech/.m2/repository/org/springframework/spring-beans/3.1.4.RELEASE/spring-beans-3.1.4.RELEASE.jar:/Users/ugomech/.m2/repository/org/springframework/spring-core/3.1.4.RELEASE/spring-core-3.1.4.RELEASE.jar:/Users/ugomech/.m2/repository/org/springframework/spring-asm/3.1.4.RELEASE/spring-asm-3.1.4.RELEASE.jar:/Users/ugomech/.m2/repository/org/springframework/spring-jdbc/3.1.4.RELEASE/spring-jdbc-3.1.4.RELEASE.jar:/Users/ugomech/.m2/repository/org/springframework/spring-orm/3.1.4.RELEASE/spring-orm-3.1.4.RELEASE.jar:/Users/ugomech/.m2/repository/org/springframework/spring-context/3.1.4.RELEASE/spring-context-3.1.4.RELEASE.jar:/Users/ugomech/.m2/repository/org/springframework/spring-context-support/3.1.4.RELEASE/spring-context-support-3.1.4.RELEASE.jar:/Users/ugomech/.m2/repository/org/springframework/spring-web/3.1.4.RELEASE/spring-web-3.1.4.RELEASE.jar:/Users/ugomech/.m2/repository/org/springmodules/spring-modules-validation/0.8/spring-modules-validation-0.8.jar:/Users/ugomech/.m2/repository/commons-logging/commons-logging/99.0-does-not-exist/commons-logging-99.0-does-not-exist.jar:/Users/ugomech/.m2/repository/commons-digester/commons-digester/1.7/commons-digester-1.7.jar:/Users/ugomech/.m2/repository/antlr/antlr/2.7.6/antlr-2.7.6.jar:/Users/ugomech/.m2/repository/rhino/js/1.6R2/js-1.6R2.jar:/Users/ugomech/.m2/repository/org/drools/drools-compiler/5.0.1/drools-compiler-5.0.1.jar:/Users/ugomech/.m2/repository/org/antlr/antlr-runtime/3.1.1/antlr-runtime-3.1.1.jar:/Users/ugomech/.m2/repository/org/eclipse/jdt/core/3.4.2.v_883_R34x/core-3.4.2.v_883_R34x.jar:/Users/ugomech/.m2/repository/janino/janino/2.5.15/janino-2.5.15.jar:/Users/ugomech/.m2/repository/javax/media/jai-core/1.1.3/jai-core-1.1.3.jar:/Users/ugomech/.m2/repository/javax/activation/activation/1.1/activation-1.1.jar:/Users/ugomech/.m2/repository/org/apache/velocity/velocity/1.6.2/velocity-1.6.2.jar:/Users/ugomech/.m2/repository/oro/oro/2.0.8/oro-2.0.8.jar:/Users/ugomech/.m2/repository/velocity-tools/velocity-tools/1.2/velocity-tools-1.2.jar:/Users/ugomech/.m2/repository/org/apache/openjpa/openjpa/1.2.1-ep5.1/openjpa-1.2.1-ep5.1.jar:/Users/ugomech/.m2/repository/net/sourceforge/serp/serp/1.13.1/serp-1.13.1.jar:/Users/ugomech/.m2/repository/commons-pool/commons-pool/1.3/commons-pool-1.3.jar:/Users/ugomech/.m2/repository/org/apache/geronimo/specs/geronimo-jms_1.1_spec/1.0.1/geronimo-jms_1.1_spec-1.0.1.jar:/Users/ugomech/.m2/repository/org/apache/geronimo/specs/geronimo-jta_1.1_spec/1.1/geronimo-jta_1.1_spec-1.1.jar:/Users/ugomech/.m2/repository/com/google/google-checkout/15.1.2/google-checkout-15.1.2.jar:/Users/ugomech/.m2/repository/com/sun/media/jai-codec/1.1.3/jai-codec-1.1.3.jar:/Users/ugomech/.m2/repository/org/apache/solr/solr-core/1.4.1/solr-core-1.4.1.jar:/Users/ugomech/.m2/repository/org/apache/lucene/lucene-analyzers/2.9.3/lucene-analyzers-2.9.3.jar:/Users/ugomech/.m2/repository/org/apache/lucene/lucene-highlighter/2.9.3/lucene-highlighter-2.9.3.jar:/Users/ugomech/.m2/repository/org/apache/lucene/lucene-queries/2.9.3/lucene-queries-2.9.3.jar:/Users/ugomech/.m2/repository/org/apache/lucene/lucene-snowball/2.9.3/lucene-snowball-2.9.3.jar:/Users/ugomech/.m2/repository/org/apache/lucene/lucene-memory/2.9.3/lucene-memory-2.9.3.jar:/Users/ugomech/.m2/repository/org/apache/lucene/lucene-misc/2.9.3/lucene-misc-2.9.3.jar:/Users/ugomech/.m2/repository/org/apache/lucene/lucene-spellchecker/2.9.3/lucene-spellchecker-2.9.3.jar:/Users/ugomech/.m2/repository/org/apache/solr/solr-commons-csv/1.4.1/solr-commons-csv-1.4.1.jar:/Users/ugomech/.m2/repository/org/codehaus/woodstox/wstx-asl/3.2.9/wstx-asl-3.2.9.jar:/Users/ugomech/.m2/repository/javax/mail/mail/1.4/mail-1.4.jar:/Users/ugomech/.m2/repository/org/directwebremoting/dwr/2.0.6/dwr-2.0.6.jar:/Users/ugomech/.m2/repository/net/sf/opencsv/opencsv/1.3.1/opencsv-1.3.1.jar:/Users/ugomech/.m2/repository/commons-beanutils/commons-beanutils/1.8.3/commons-beanutils-1.8.3.jar:/Users/ugomech/.m2/repository/commons-codec/commons-codec/1.7/commons-codec-1.7.jar:/Users/ugomech/.m2/repository/commons-collections/commons-collections/3.2/commons-collections-3.2.jar:/Users/ugomech/.m2/repository/commons-io/commons-io/1.3.2/commons-io-1.3.2.jar:/Users/ugomech/.m2/repository/commons-vfs/commons-vfs/20070730/commons-vfs-20070730.jar:/Users/ugomech/.m2/repository/commons-validator/commons-validator/1.3.1/commons-validator-1.3.1.jar:/Users/ugomech/.m2/repository/org/apache/commons/commons-email/1.2/commons-email-1.2.jar:/Users/ugomech/.m2/repository/commons-httpclient/commons-httpclient/3.0.1/commons-httpclient-3.0.1.jar:/Users/ugomech/.m2/repository/org/codehaus/groovy/groovy-all/1.8.8/groovy-all-1.8.8.jar:/Users/ugomech/.m2/repository/com/icegreen/greenmail/1.3/greenmail-1.3.jar:/Users/ugomech/.m2/repository/com/fasterxml/jackson/core/jackson-databind/2.1.2/jackson-databind-2.1.2.jar:/Users/ugomech/.m2/repository/com/fasterxml/jackson/core/jackson-annotations/2.1.2/jackson-annotations-2.1.2.jar:/Users/ugomech/.m2/repository/com/fasterxml/jackson/core/jackson-core/2.1.2/jackson-core-2.1.2.jar:/Users/ugomech/.m2/repository/org/eclipse/gemini/org.eclipse.gemini.blueprint.core/2.0.0.M02/org.eclipse.gemini.blueprint.core-2.0.0.M02.jar:/Users/ugomech/.m2/repository/org/eclipse/gemini/org.eclipse.gemini.blueprint.io/2.0.0.M02/org.eclipse.gemini.blueprint.io-2.0.0.M02.jar:/Users/ugomech/.m2/repository/org/slf4j/slf4j-api/1.7.2/slf4j-api-1.7.2.jar:/Users/ugomech/.m2/repository/org/apache/bval/bval-jsr303/0.4/bval-jsr303-0.4.jar:/Users/ugomech/.m2/repository/org/apache/bval/bval-core/0.4/bval-core-0.4.jar:/Users/ugomech/.m2/repository/commons-beanutils/commons-beanutils-core/1.8.3/commons-beanutils-core-1.8.3.jar:/Users/ugomech/.m2/repository/javax/validation/validation-api/1.0.0.GA/validation-api-1.0.0.GA.jar:/Users/ugomech/.m2/repository/org/apache/bval/bval-extras/0.4/bval-extras-0.4.jar:/Users/ugomech/.m2/repository/org/apache/bval/org.apache.bval.bundle/0.4/org.apache.bval.bundle-0.4.jar:/Users/ugomech/Documents/Commerce-Engine/platform/core/ep-settings/target/ep-settings-6.8.0.2013101613-RELEASE.jar:/Users/ugomech/.m2/repository/org/apache/commons/commons-lang3/3.1/commons-lang3-3.1.jar:/Users/ugomech/.m2/repository/commons-lang/commons-lang/2.3/commons-lang-2.3.jar:/Users/ugomech/.m2/repository/stax/stax-api/1.0.1/stax-api-1.0.1.jar:/Users/ugomech/.m2/repository/log4j/log4j/1.2.17/log4j-1.2.17.jar:/Users/ugomech/.m2/repository/javax/xml/bind/jaxb-api/2.1/jaxb-api-2.1.jar:/Users/ugomech/.m2/repository/javax/xml/stream/stax-api/1.0-2/stax-api-1.0-2.jar:/Users/ugomech/.m2/repository/javax/xml/ws/jaxws-api/2.1-1/jaxws-api-2.1-1.jar:/Users/ugomech/.m2/repository/javax/xml/soap/saaj-api/1.3/saaj-api-1.3.jar:/Users/ugomech/.m2/repository/javax/annotation/jsr250-api/1.0/jsr250-api-1.0.jar:"/>
    <property name="java.vm.specification.version" value="1.7"/>
    <property name="sun.arch.data.model" value="64"/>
    <property name="java.home" value="/Library/Java/JavaVirtualMachines/jdk1.7.0_25.jdk/Contents/Home/jre"/>
    <property name="sun.java.command" value="org.codehaus.plexus.classworlds.launcher.Launcher install"/>
    <property name="java.specification.vendor" value="Oracle Corporation"/>
    <property name="user.language" value="en"/>
    <property name="awt.toolkit" value="sun.lwawt.macosx.LWCToolkit"/>
    <property name="java.vm.info" value="mixed mode"/>
    <property name="java.version" value="1.7.0_25"/>
    <property name="java.ext.dirs" value="/Users/ugomech/Library/Java/Extensions:/Library/Java/JavaVirtualMachines/jdk1.7.0_25.jdk/Contents/Home/jre/lib/ext:/Library/Java/Extensions:/Network/Library/Java/Extensions:/System/Library/Java/Extensions:/usr/lib/java"/>
    <property name="sun.boot.class.path" value="/Library/Java/JavaVirtualMachines/jdk1.7.0_25.jdk/Contents/Home/jre/lib/resources.jar:/Library/Java/JavaVirtualMachines/jdk1.7.0_25.jdk/Contents/Home/jre/lib/rt.jar:/Library/Java/JavaVirtualMachines/jdk1.7.0_25.jdk/Contents/Home/jre/lib/sunrsasign.jar:/Library/Java/JavaVirtualMachines/jdk1.7.0_25.jdk/Contents/Home/jre/lib/jsse.jar:/Library/Java/JavaVirtualMachines/jdk1.7.0_25.jdk/Contents/Home/jre/lib/jce.jar:/Library/Java/JavaVirtualMachines/jdk1.7.0_25.jdk/Contents/Home/jre/lib/charsets.jar:/Library/Java/JavaVirtualMachines/jdk1.7.0_25.jdk/Contents/Home/jre/lib/jfr.jar:/Library/Java/JavaVirtualMachines/jdk1.7.0_25.jdk/Contents/Home/jre/lib/JObjC.jar:/Library/Java/JavaVirtualMachines/jdk1.7.0_25.jdk/Contents/Home/jre/classes"/>
    <property name="java.vendor" value="Oracle Corporation"/>
    <property name="maven.home" value="/usr/share/maven"/>
    <property name="file.separator" value="/"/>
    <property name="java.vendor.url.bug" value="http://bugreport.sun.com/bugreport/"/>
    <property name="sun.cpu.endian" value="little"/>
    <property name="sun.io.unicode.encoding" value="UnicodeBig"/>
    <property name="sun.font.fontmanager" value="sun.font.CFontManager"/>
    <property name="socksNonProxyHosts" value="local|*.local|169.254/16|*.169.254/16"/>
    <property name="ftp.nonProxyHosts" value="local|*.local|169.254/16|*.169.254/16"/>
    <property name="sun.cpu.isalist" value=""/>
  </properties>
  <testcase name="testSaveOrMergeDoingSaveThenMerge" classname="com.elasticpath.test.db.BrandPersistenceTest" time="0">
    <skipped/>
  </testcase>
  <testcase name="testRetrieveByNamedQueryWithList" classname="com.elasticpath.test.db.BrandPersistenceTest" time="0">
    <skipped/>
  </testcase>
  <testcase name="testMergeBrand" classname="com.elasticpath.test.db.BrandPersistenceTest" time="0">
    <skipped/>
  </testcase>
  <testcase name="testDeleteBrand" classname="com.elasticpath.test.db.BrandPersistenceTest" time="0">
    <skipped/>
  </testcase>
  <testcase name="testUpdateBrand" classname="com.elasticpath.test.db.BrandPersistenceTest" time="0">
    <skipped/>
  </testcase>
  <testcase name="testRetrieveBrand" classname="com.elasticpath.test.db.BrandPersistenceTest" time="0">
    <skipped/>
  </testcase>
  <testcase name="testSaveBrand" classname="com.elasticpath.test.db.BrandPersistenceTest" time="0">
    <skipped/>
  </testcase>
  <testcase name="testSaveOrUpdateDoingSaveThenMerge" classname="com.elasticpath.test.db.BrandPersistenceTest" time="0">
    <skipped/>
  </testcase>
</testsuite>